<?xml version="1.0" encoding="UTF-8"?>
<testsuite name="quip.command.AddTodoCommandTest" tests="2" skipped="0" failures="0" errors="0" timestamp="2025-02-15T12:24:43" hostname="Johns-MacBook-Pro-3.local" time="0.002">
  <properties/>
  <testcase name="constructorEmptyDescriptionThrowsException()" classname="quip.command.AddTodoCommandTest" time="0.001"/>
  <testcase name="executeValidTodoAddsTodoTask()" classname="quip.command.AddTodoCommandTest" time="0.001"/>
  <system-out><![CDATA[_____________________________________________________________
I've added this little nugget to your to-do list:
[T][ ] read book
Now you have 1 tasks in the list.
_____________________________________________________________
]]></system-out>
  <system-err><![CDATA[]]></system-err>
</testsuite>
