<?xml version="1.0" encoding="UTF-8"?>
<testsuite name="quip.command.ListCommandTest" tests="1" skipped="0" failures="0" errors="0" timestamp="2025-02-15T12:24:43" hostname="Johns-MacBook-Pro-3.local" time="0.002">
  <properties/>
  <testcase name="executeWithTasksShowsList()" classname="quip.command.ListCommandTest" time="0.002"/>
  <system-out><![CDATA[_____________________________________________________________
Here are the tasks in your list:
1. [T][ ] test task
_____________________________________________________________
]]></system-out>
  <system-err><![CDATA[]]></system-err>
</testsuite>
